2022-04-09 01:59:16,145 INFO             [background-preinit] org.hibernate.validator.internal.util.Version                                  : HV000001: Hibernate Validator 6.2.2.Final
2022-04-09 01:59:16,101 INFO             [restartedMain] org.springframework.boot.StartupInfoLogger                                          : Starting WarehouseApplication using Java 17.0.2 on Shoxruh with PID 7852 (C:\Users\bekpu\Desktop\ShoppingSystem\target\classes started by bekpu in C:\Users\bekpu\Desktop\ShoppingSystem)
2022-04-09 01:59:16,150 DEBUG            [restartedMain] org.springframework.boot.StartupInfoLogger                                          : Running with Spring Boot v2.6.4, Spring v5.3.16
2022-04-09 01:59:16,150 INFO             [restartedMain] org.springframework.boot.SpringApplication                                          : No active profile set, falling back to 1 default profile: "default"
2022-04-09 01:59:16,321 INFO             [restartedMain] org.springframework.boot.logging.DeferredLog                                        : Devtools property defaults active! Set 'spring.devtools.add-properties' to 'false' to disable
2022-04-09 01:59:16,322 INFO             [restartedMain] org.springframework.boot.logging.DeferredLog                                        : For additional web related logging consider setting the 'logging.level.web' property to 'DEBUG'
2022-04-09 01:59:20,918 INFO             [restartedMain] org.springframework.data.repository.config.RepositoryConfigurationDelegate          : Bootstrapping Spring Data JPA repositories in DEFAULT mode.
2022-04-09 01:59:21,248 INFO             [restartedMain] org.springframework.data.repository.config.RepositoryConfigurationDelegate          : Finished Spring Data repository scanning in 316 ms. Found 16 JPA repository interfaces.
2022-04-09 01:59:22,842 INFO             [restartedMain] org.springframework.boot.web.embedded.tomcat.TomcatWebServer                        : Tomcat initialized with port(s): 8080 (http)
2022-04-09 01:59:22,852 INFO             [restartedMain] org.apache.juli.logging.DirectJDKLog                                                : Initializing ProtocolHandler ["http-nio-8080"]
2022-04-09 01:59:22,852 INFO             [restartedMain] org.apache.juli.logging.DirectJDKLog                                                : Starting service [Tomcat]
2022-04-09 01:59:22,853 INFO             [restartedMain] org.apache.juli.logging.DirectJDKLog                                                : Starting Servlet engine: [Apache Tomcat/9.0.58]
2022-04-09 01:59:23,058 INFO             [restartedMain] org.apache.juli.logging.DirectJDKLog                                                : Initializing Spring embedded WebApplicationContext
2022-04-09 01:59:23,059 INFO             [restartedMain] org.springframework.boot.web.servlet.context.ServletWebServerApplicationContext     : Root WebApplicationContext: initialization completed in 6736 ms
2022-04-09 01:59:23,336 INFO             [restartedMain] org.hibernate.jpa.internal.util.LogHelper                                           : HHH000204: Processing PersistenceUnitInfo [name: default]
2022-04-09 01:59:23,388 INFO             [restartedMain] org.hibernate.Version                                                               : HHH000412: Hibernate ORM core version 5.6.5.Final
2022-04-09 01:59:23,576 INFO             [restartedMain] org.hibernate.annotations.common.reflection.java.JavaReflectionManager              : HCANN000001: Hibernate Commons Annotations {5.1.2.Final}
2022-04-09 01:59:23,690 INFO             [restartedMain] com.zaxxer.hikari.HikariDataSource                                                  : HikariPool-1 - Starting...
2022-04-09 01:59:23,978 INFO             [restartedMain] com.zaxxer.hikari.HikariDataSource                                                  : HikariPool-1 - Start completed.
2022-04-09 01:59:23,998 INFO             [restartedMain] org.hibernate.dialect.Dialect                                                       : HHH000400: Using dialect: org.hibernate.dialect.PostgreSQL10Dialect
2022-04-09 01:59:24,317 INFO             dMain] org.hibernate.search.mapper.orm.bootstrap.impl.HibernateSearchPreIntegrationService$Initiator: HSEARCH000034: Hibernate Search version 6.1.3.Final
2022-04-09 01:59:25,496 INFO             [restartedMain] org.hibernate.engine.transaction.jta.platform.internal.JtaPlatformInitiator         : HHH000490: Using JtaPlatform implementation: [org.hibernate.engine.transaction.jta.platform.internal.NoJtaPlatform]
2022-04-09 01:59:25,694 WARN             [restartedMain] org.hibernate.search.backend.lucene.impl.LuceneBackendFactory                       : HSEARCH000075: Missing value for configuration property 'hibernate.search.backend.lucene_version': using LATEST (currently '8.11.1'). Context: default backend
2022-04-09 01:59:27,466 INFO             [restartedMain] org.springframework.orm.jpa.AbstractEntityManagerFactoryBean                        : Initialized JPA EntityManagerFactory for persistence unit 'default'
2022-04-09 01:59:28,276 WARN             startedMain] org.springframework.boot.autoconfigure.orm.jpa.JpaBaseConfiguration$JpaWebConfiguration: spring.jpa.open-in-view is enabled by default. Therefore, database queries may be performed during view rendering. Explicitly configure spring.jpa.open-in-view to disable this warning
2022-04-09 01:59:29,011 INFO             [restartedMain] org.springframework.security.web.DefaultSecurityFilterChain                         : Will not secure any request
2022-04-09 01:59:29,306 WARN             [restartedMain] org.hibernate.engine.jdbc.spi.SqlExceptionHelper                                    : SQL Error: 0, SQLState: 23505
2022-04-09 01:59:29,316 ERROR            [restartedMain] org.hibernate.engine.jdbc.spi.SqlExceptionHelper                                    : ERROR: duplicate key value violates unique constraint "uk_p78qmr31f74n0y4dfo8t7qm0g"
  Detail: Key (phone_number)=(+998942790217) already exists.
2022-04-09 01:59:30,516 INFO             [restartedMain] org.springframework.boot.devtools.autoconfigure.OptionalLiveReloadServer            : LiveReload server is running on port 35729
2022-04-09 01:59:30,558 INFO             [restartedMain] org.apache.juli.logging.DirectJDKLog                                                : Starting ProtocolHandler ["http-nio-8080"]
2022-04-09 01:59:30,606 INFO             [restartedMain] org.springframework.boot.web.embedded.tomcat.TomcatWebServer                        : Tomcat started on port(s): 8080 (http) with context path ''
2022-04-09 01:59:30,622 INFO             [restartedMain] org.springframework.boot.StartupInfoLogger                                          : Started WarehouseApplication in 15.136 seconds (JVM running for 23.939)
2022-04-09 01:59:56,465 INFO             [http-nio-8080-exec-2] org.apache.juli.logging.DirectJDKLog                                         : Initializing Spring DispatcherServlet 'dispatcherServlet'
2022-04-09 01:59:56,465 INFO             [http-nio-8080-exec-2] org.springframework.web.servlet.FrameworkServlet                             : Initializing Servlet 'dispatcherServlet'
2022-04-09 01:59:56,467 INFO             [http-nio-8080-exec-2] org.springframework.web.servlet.FrameworkServlet                             : Completed initialization in 1 ms
2022-04-09 01:59:57,899 INFO             [http-nio-8080-exec-7] org.springdoc.api.AbstractOpenApiResource                                    : Init duration for springdoc-openapi is: 1003 ms
2022-04-09 02:13:07,787 INFO             [SpringApplicationShutdownHook] org.springframework.orm.jpa.AbstractEntityManagerFactoryBean        : Closing JPA EntityManagerFactory for persistence unit 'default'
2022-04-09 02:13:07,797 INFO             [SpringApplicationShutdownHook] com.zaxxer.hikari.HikariDataSource                                  : HikariPool-1 - Shutdown initiated...
2022-04-09 02:13:07,810 INFO             [SpringApplicationShutdownHook] com.zaxxer.hikari.HikariDataSource                                  : HikariPool-1 - Shutdown completed.
2022-04-09 16:14:36,603 INFO             [background-preinit] org.hibernate.validator.internal.util.Version                                  : HV000001: Hibernate Validator 6.2.2.Final
2022-04-09 16:14:36,603 INFO             [restartedMain] org.springframework.boot.StartupInfoLogger                                          : Starting WarehouseApplication using Java 17.0.2 on Shoxruh with PID 4860 (C:\Users\bekpu\Desktop\ShoppingSystem\target\classes started by bekpu in C:\Users\bekpu\Desktop\ShoppingSystem)
2022-04-09 16:14:36,618 DEBUG            [restartedMain] org.springframework.boot.StartupInfoLogger                                          : Running with Spring Boot v2.6.4, Spring v5.3.16
2022-04-09 16:14:36,618 INFO             [restartedMain] org.springframework.boot.SpringApplication                                          : No active profile set, falling back to 1 default profile: "default"
2022-04-09 16:14:36,948 INFO             [restartedMain] org.springframework.boot.logging.DeferredLog                                        : Devtools property defaults active! Set 'spring.devtools.add-properties' to 'false' to disable
2022-04-09 16:14:36,955 INFO             [restartedMain] org.springframework.boot.logging.DeferredLog                                        : For additional web related logging consider setting the 'logging.level.web' property to 'DEBUG'
2022-04-09 16:14:44,239 INFO             [restartedMain] org.springframework.data.repository.config.RepositoryConfigurationDelegate          : Bootstrapping Spring Data JPA repositories in DEFAULT mode.
2022-04-09 16:14:44,847 INFO             [restartedMain] org.springframework.data.repository.config.RepositoryConfigurationDelegate          : Finished Spring Data repository scanning in 573 ms. Found 16 JPA repository interfaces.
2022-04-09 16:14:47,620 INFO             [restartedMain] org.springframework.boot.web.embedded.tomcat.TomcatWebServer                        : Tomcat initialized with port(s): 8080 (http)
2022-04-09 16:14:47,646 INFO             [restartedMain] org.apache.juli.logging.DirectJDKLog                                                : Initializing ProtocolHandler ["http-nio-8080"]
2022-04-09 16:14:47,646 INFO             [restartedMain] org.apache.juli.logging.DirectJDKLog                                                : Starting service [Tomcat]
2022-04-09 16:14:47,654 INFO             [restartedMain] org.apache.juli.logging.DirectJDKLog                                                : Starting Servlet engine: [Apache Tomcat/9.0.58]
2022-04-09 16:14:47,967 INFO             [restartedMain] org.apache.juli.logging.DirectJDKLog                                                : Initializing Spring embedded WebApplicationContext
2022-04-09 16:14:47,967 INFO             [restartedMain] org.springframework.boot.web.servlet.context.ServletWebServerApplicationContext     : Root WebApplicationContext: initialization completed in 11009 ms
2022-04-09 16:14:48,538 INFO             [restartedMain] org.hibernate.jpa.internal.util.LogHelper                                           : HHH000204: Processing PersistenceUnitInfo [name: default]
2022-04-09 16:14:48,686 INFO             [restartedMain] org.hibernate.Version                                                               : HHH000412: Hibernate ORM core version 5.6.5.Final
2022-04-09 16:14:49,050 INFO             [restartedMain] org.hibernate.annotations.common.reflection.java.JavaReflectionManager              : HCANN000001: Hibernate Commons Annotations {5.1.2.Final}
2022-04-09 16:14:49,451 INFO             [restartedMain] com.zaxxer.hikari.HikariDataSource                                                  : HikariPool-1 - Starting...
2022-04-09 16:14:49,833 INFO             [restartedMain] com.zaxxer.hikari.HikariDataSource                                                  : HikariPool-1 - Start completed.
2022-04-09 16:14:49,887 INFO             [restartedMain] org.hibernate.dialect.Dialect                                                       : HHH000400: Using dialect: org.hibernate.dialect.PostgreSQL10Dialect
2022-04-09 16:14:50,578 INFO             dMain] org.hibernate.search.mapper.orm.bootstrap.impl.HibernateSearchPreIntegrationService$Initiator: HSEARCH000034: Hibernate Search version 6.1.3.Final
2022-04-09 16:14:52,988 INFO             [restartedMain] org.hibernate.engine.transaction.jta.platform.internal.JtaPlatformInitiator         : HHH000490: Using JtaPlatform implementation: [org.hibernate.engine.transaction.jta.platform.internal.NoJtaPlatform]
2022-04-09 16:14:53,324 WARN             [restartedMain] org.hibernate.search.backend.lucene.impl.LuceneBackendFactory                       : HSEARCH000075: Missing value for configuration property 'hibernate.search.backend.lucene_version': using LATEST (currently '8.11.1'). Context: default backend
2022-04-09 16:14:55,926 INFO             [restartedMain] org.springframework.orm.jpa.AbstractEntityManagerFactoryBean                        : Initialized JPA EntityManagerFactory for persistence unit 'default'
2022-04-09 16:14:58,939 WARN             startedMain] org.springframework.boot.autoconfigure.orm.jpa.JpaBaseConfiguration$JpaWebConfiguration: spring.jpa.open-in-view is enabled by default. Therefore, database queries may be performed during view rendering. Explicitly configure spring.jpa.open-in-view to disable this warning
2022-04-09 16:15:02,263 INFO             [restartedMain] org.springframework.security.web.DefaultSecurityFilterChain                         : Will not secure any request
2022-04-09 16:15:03,068 WARN             [restartedMain] org.hibernate.engine.jdbc.spi.SqlExceptionHelper                                    : SQL Error: 0, SQLState: 23505
2022-04-09 16:15:03,068 ERROR            [restartedMain] org.hibernate.engine.jdbc.spi.SqlExceptionHelper                                    : ERROR: duplicate key value violates unique constraint "uk_p78qmr31f74n0y4dfo8t7qm0g"
  Detail: Key (phone_number)=(+998942790217) already exists.
2022-04-09 16:15:07,783 INFO             [restartedMain] org.springframework.boot.devtools.autoconfigure.OptionalLiveReloadServer            : LiveReload server is running on port 35729
2022-04-09 16:15:07,864 INFO             [restartedMain] org.apache.juli.logging.DirectJDKLog                                                : Starting ProtocolHandler ["http-nio-8080"]
2022-04-09 16:15:08,072 INFO             [restartedMain] org.springframework.boot.web.embedded.tomcat.TomcatWebServer                        : Tomcat started on port(s): 8080 (http) with context path ''
2022-04-09 16:15:08,109 INFO             [restartedMain] org.springframework.boot.StartupInfoLogger                                          : Started WarehouseApplication in 32.859 seconds (JVM running for 42.112)
2022-04-09 17:01:08,668 WARN             [HikariPool-1 housekeeper] com.zaxxer.hikari.pool.HikariPool$HouseKeeper                            : HikariPool-1 - Thread starvation or clock leap detected (housekeeper delta=20m18s326ms561µs300ns).
2022-04-09 17:33:02,113 WARN             [HikariPool-1 housekeeper] com.zaxxer.hikari.pool.HikariPool$HouseKeeper                            : HikariPool-1 - Thread starvation or clock leap detected (housekeeper delta=15m23s143ms792µs).
2022-04-09 19:40:03,200 WARN             [HikariPool-1 housekeeper] com.zaxxer.hikari.pool.HikariPool$HouseKeeper                            : HikariPool-1 - Thread starvation or clock leap detected (housekeeper delta=51m59s917ms216µs801ns).
2022-04-09 22:27:28,174 WARN             [HikariPool-1 housekeeper] com.zaxxer.hikari.pool.HikariPool$HouseKeeper                            : HikariPool-1 - Thread starvation or clock leap detected (housekeeper delta=2h47m32s210ms280µs).
2022-04-09 22:28:10,806 INFO             [SpringApplicationShutdownHook] org.springframework.orm.jpa.AbstractEntityManagerFactoryBean        : Closing JPA EntityManagerFactory for persistence unit 'default'
2022-04-09 22:28:10,884 INFO             [SpringApplicationShutdownHook] com.zaxxer.hikari.HikariDataSource                                  : HikariPool-1 - Shutdown initiated...
2022-04-09 22:28:10,900 INFO             [SpringApplicationShutdownHook] com.zaxxer.hikari.HikariDataSource                                  : HikariPool-1 - Shutdown completed.
